d:\gpl\computeranimation\2015assignment2\motionviewer\debug\vc120.pdb
d:\gpl\computeranimation\2015assignment2\motionviewer\debug\vc120.idb
d:\gpl\computeranimation\2015assignment2\motionviewer\debug\gui_main_window.obj
d:\gpl\computeranimation\2015assignment2\motionviewer\debug\gui_marker.obj
d:\gpl\computeranimation\2015assignment2\motionviewer\debug\gui_mouse.obj
d:\gpl\computeranimation\2015assignment2\motionviewer\debug\gui_mouse_event.obj
d:\gpl\computeranimation\2015assignment2\motionviewer\debug\gui_screenshot.obj
d:\gpl\computeranimation\2015assignment2\motionviewer\debug\gui_signal.obj
d:\gpl\computeranimation\2015assignment2\motionviewer\debug\gui_utils.obj
d:\gpl\computeranimation\2015assignment2\motionviewer\debug\kinematics_artic_idx.obj
d:\gpl\computeranimation\2015assignment2\motionviewer\debug\kinematics_forward.obj
d:\gpl\computeranimation\2015assignment2\motionviewer\debug\kinematics_limb_ik.obj
d:\gpl\computeranimation\2015assignment2\motionviewer\debug\kinematics_pose.obj
d:\gpl\computeranimation\2015assignment2\motionviewer\debug\main.obj
d:\gpl\computeranimation\2015assignment2\motionviewer\debug\math_utils.obj
d:\gpl\computeranimation\2015assignment2\motionviewer\debug\param_config.obj
d:\gpl\computeranimation\2015assignment2\motionviewer\debug\param_holder.obj
d:\gpl\computeranimation\2015assignment2\motionviewer\debug\param_xml_parser.obj
d:\gpl\computeranimation\2015assignment2\motionviewer\debug\render_camera.obj
d:\gpl\computeranimation\2015assignment2\motionviewer\debug\render_polar_rotation.obj
d:\gpl\computeranimation\2015assignment2\motionviewer\debug\render_utils.obj
d:\gpl\computeranimation\2015assignment2\motionviewer\debug\lodepng.obj
d:\gpl\computeranimation\2015assignment2\motionviewer\debug\acclaim_motion.obj
d:\gpl\computeranimation\2015assignment2\motionviewer\debug\acclaim_skeleton.obj
d:\gpl\computeranimation\2015assignment2\motionviewer\debug\posture.obj
d:\gpl\computeranimation\2015assignment2\motionviewer\debug\console_color.obj
d:\gpl\computeranimation\2015assignment2\motionviewer\debug\console_log.obj
d:\gpl\computeranimation\2015assignment2\motionviewer\debug\geom_arrow.obj
d:\gpl\computeranimation\2015assignment2\motionviewer\debug\gl_utils.obj
d:\gpl\computeranimation\2015assignment2\motionviewer\debug\gui_display.obj
d:\gpl\computeranimation\2015assignment2\motionviewer\debug\gui_gl_window.obj
d:\gpl\computeranimation\2015assignment2\debug\motionviewer.ilk
d:\gpl\computeranimation\2015assignment2\debug\motionviewer.exe
d:\gpl\computeranimation\2015assignment2\debug\motionviewer.pdb
d:\gpl\computeranimation\2015assignment2\motionviewer\debug\motionviewer.tlog\cl.command.1.tlog
d:\gpl\computeranimation\2015assignment2\motionviewer\debug\motionviewer.tlog\cl.read.1.tlog
d:\gpl\computeranimation\2015assignment2\motionviewer\debug\motionviewer.tlog\cl.write.1.tlog
d:\gpl\computeranimation\2015assignment2\motionviewer\debug\motionviewer.tlog\link.command.1.tlog
d:\gpl\computeranimation\2015assignment2\motionviewer\debug\motionviewer.tlog\link.read.1.tlog
d:\gpl\computeranimation\2015assignment2\motionviewer\debug\motionviewer.tlog\link.write.1.tlog
