d:\gpl\computeranimation\2015assignment2\motionviewer\release\vc120.pdb
d:\gpl\computeranimation\2015assignment2\motionviewer\release\kinematics_pose.obj
d:\gpl\computeranimation\2015assignment2\motionviewer\release\kinematics_limb_ik.obj
d:\gpl\computeranimation\2015assignment2\motionviewer\release\kinematics_forward.obj
d:\gpl\computeranimation\2015assignment2\motionviewer\release\kinematics_artic_idx.obj
d:\gpl\computeranimation\2015assignment2\motionviewer\release\gui_utils.obj
d:\gpl\computeranimation\2015assignment2\motionviewer\release\gui_signal.obj
d:\gpl\computeranimation\2015assignment2\motionviewer\release\gui_screenshot.obj
d:\gpl\computeranimation\2015assignment2\motionviewer\release\gui_mouse_event.obj
d:\gpl\computeranimation\2015assignment2\motionviewer\release\gui_mouse.obj
d:\gpl\computeranimation\2015assignment2\motionviewer\release\gui_marker.obj
d:\gpl\computeranimation\2015assignment2\motionviewer\release\gui_main_window.obj
d:\gpl\computeranimation\2015assignment2\motionviewer\release\gui_gl_window.obj
d:\gpl\computeranimation\2015assignment2\motionviewer\release\gui_display.obj
d:\gpl\computeranimation\2015assignment2\motionviewer\release\gl_utils.obj
d:\gpl\computeranimation\2015assignment2\motionviewer\release\geom_arrow.obj
d:\gpl\computeranimation\2015assignment2\motionviewer\release\console_log.obj
d:\gpl\computeranimation\2015assignment2\motionviewer\release\console_color.obj
d:\gpl\computeranimation\2015assignment2\motionviewer\release\posture.obj
d:\gpl\computeranimation\2015assignment2\motionviewer\release\acclaim_skeleton.obj
d:\gpl\computeranimation\2015assignment2\motionviewer\release\acclaim_motion.obj
d:\gpl\computeranimation\2015assignment2\motionviewer\release\lodepng.obj
d:\gpl\computeranimation\2015assignment2\motionviewer\release\render_utils.obj
d:\gpl\computeranimation\2015assignment2\motionviewer\release\render_polar_rotation.obj
d:\gpl\computeranimation\2015assignment2\motionviewer\release\render_camera.obj
d:\gpl\computeranimation\2015assignment2\motionviewer\release\param_xml_parser.obj
d:\gpl\computeranimation\2015assignment2\motionviewer\release\param_holder.obj
d:\gpl\computeranimation\2015assignment2\motionviewer\release\param_config.obj
d:\gpl\computeranimation\2015assignment2\motionviewer\release\math_utils.obj
d:\gpl\computeranimation\2015assignment2\motionviewer\release\main.obj
d:\gpl\computeranimation\2015assignment2\release\motionviewer.exe
d:\gpl\computeranimation\2015assignment2\release\motionviewer.pdb
d:\gpl\computeranimation\2015assignment2\motionviewer\release\motionviewer.tlog\cl.command.1.tlog
d:\gpl\computeranimation\2015assignment2\motionviewer\release\motionviewer.tlog\cl.read.1.tlog
d:\gpl\computeranimation\2015assignment2\motionviewer\release\motionviewer.tlog\cl.write.1.tlog
d:\gpl\computeranimation\2015assignment2\motionviewer\release\motionviewer.tlog\link.command.1.tlog
d:\gpl\computeranimation\2015assignment2\motionviewer\release\motionviewer.tlog\link.read.1.tlog
d:\gpl\computeranimation\2015assignment2\motionviewer\release\motionviewer.tlog\link.write.1.tlog
